<?xml version="1.0" encoding="UTF-8"?>
<testsuite hostname="sayed-MS-7309" name="Laitkorgp.AppTest" tests="2" failures="0" timestamp="2 May 2015 08:55:48 GMT" time="0.028" errors="0">
  <testcase name="@BeforeTest bef" time="0.0" classname="Laitkorgp.AppTest">
    <failure type="org.testng.TestNGException" message="
Parameter &amp;apos;browser&amp;apos; is required by @Configuration on method bef
but has not been marked @Optional or defined ">
      <![CDATA[org.testng.TestNGException: 
Parameter 'browser' is required by @Configuration on method bef
but has not been marked @Optional or defined 
	at org.apache.maven.surefire.testng.TestNGExecutor.run(TestNGExecutor.java:70)
	at org.apache.maven.surefire.testng.TestNGDirectoryTestSuite.execute(TestNGDirectoryTestSuite.java:109)
	at org.apache.maven.surefire.testng.TestNGProvider.invoke(TestNGProvider.java:111)
	at org.apache.maven.surefire.util.ReflectionUtils.invokeMethodWithArray(ReflectionUtils.java:164)
	at org.apache.maven.surefire.booter.ProviderFactory$ProviderProxy.invoke(ProviderFactory.java:110)
	at org.apache.maven.surefire.booter.SurefireStarter.invokeProvider(SurefireStarter.java:175)
	at org.apache.maven.surefire.booter.SurefireStarter.runSuitesInProcessWhenForked(SurefireStarter.java:107)
	at org.apache.maven.surefire.booter.ForkedBooter.main(ForkedBooter.java:68)
... Removed 20 stack frames]]>
    </failure>
  </testcase>
  <testcase name="paralleltetsone" time="0.008" classname="Laitkorgp.AppTest">
    <skipped/>
  </testcase>
  <testcase name="paralleltesttwo" time="0.001" classname="Laitkorgp.AppTest">
    <skipped/>
  </testcase>
</testsuite>
